<?xml version="1.0" encoding="UTF-8"?>
<!-- Generated by org.testng.reporters.JUnitReportReporter -->
<testsuite hostname="Satish-PC" failures="0" tests="1" name="packageone.ClassMain" time="19.028" errors="0" timestamp="2020-02-12T07:38:27 IST" skipped="0">
  <testcase classname="packageone.ClassMain" name="Student_Enrollement" time="19.028"/>
</testsuite> <!-- packageone.ClassMain -->
